<?xml version="1.0" encoding="UTF-8"?>
<testng-results ignored="0" total="1" passed="1" failed="0" skipped="0">
  <reporter-output>
  </reporter-output>
  <suite started-at="2024-05-31T14:09:18 IST" name="Suite" finished-at="2024-05-31T14:09:32 IST" duration-ms="14683">
    <groups>
    </groups>
    <test started-at="2024-05-31T14:09:18 IST" name="Test" finished-at="2024-05-31T14:09:32 IST" duration-ms="14683">
      <class name="com.fms.testcases.TC_NewsignuppagePage">
        <test-method is-config="true" signature="setup()[pri:0, instance:com.fms.testcases.TC_NewsignuppagePage@1e63ec0b]" started-at="2024-05-31T14:09:18 IST" name="setup" finished-at="2024-05-31T14:09:25 IST" duration-ms="7566" status="PASS">
          <reporter-output>
          </reporter-output>
        </test-method> <!-- setup -->
        <test-method is-config="true" signature="beforeMethod()[pri:0, instance:com.fms.testcases.TC_NewsignuppagePage@1e63ec0b]" started-at="2024-05-31T14:09:25 IST" name="beforeMethod" finished-at="2024-05-31T14:09:27 IST" duration-ms="1358" status="PASS">
          <reporter-output>
          </reporter-output>
        </test-method> <!-- beforeMethod -->
        <test-method signature="verifyRegistrationAndLogin()[pri:0, instance:com.fms.testcases.TC_NewsignuppagePage@1e63ec0b]" started-at="2024-05-31T14:09:27 IST" name="verifyRegistrationAndLogin" finished-at="2024-05-31T14:09:32 IST" duration-ms="5549" status="PASS">
          <reporter-output>
          </reporter-output>
        </test-method> <!-- verifyRegistrationAndLogin -->
        <test-method is-config="true" signature="tearDownSuite()[pri:0, instance:com.fms.testcases.TC_NewsignuppagePage@1e63ec0b]" started-at="2024-05-31T14:09:32 IST" name="tearDownSuite" finished-at="2024-05-31T14:09:32 IST" duration-ms="0" status="PASS">
          <reporter-output>
          </reporter-output>
        </test-method> <!-- tearDownSuite -->
      </class> <!-- com.fms.testcases.TC_NewsignuppagePage -->
    </test> <!-- Test -->
  </suite> <!-- Suite -->
</testng-results>
